\BOOKMARK [1][-]{section.1}{\376\377\000U\000v\000o\000d}{}% 1
\BOOKMARK [2][-]{subsection.1.1}{\376\377\000D\000e\000f\000i\000n\000i\000c\000i\000j\000a\000\040\000l\000o\000g\000a\000r\000i\000t\000m\000a}{section.1}% 2
\BOOKMARK [2][-]{subsection.1.2}{\376\377\000G\000r\000a\000f\000i\000k\000\040\000f\000u\000n\000k\000c\000i\000j\000e}{section.1}% 3
\BOOKMARK [2][-]{subsection.1.3}{\376\377\000A\000n\000t\000i\000l\000o\000g\000a\000r\000i\000t\000a\000m}{section.1}% 4
\BOOKMARK [1][-]{section.2}{\376\377\000J\000e\000d\000n\000a\000k\000o\000s\000t\000i}{}% 5
\BOOKMARK [2][-]{subsection.2.1}{\376\377\000L\000o\000g\000a\000r\000i\000t\000a\000m\000\040\000s\000t\000e\000p\000e\000n\000a\000\040\000o\000s\000n\000o\000v\000e}{section.2}% 6
\BOOKMARK [2][-]{subsection.2.2}{\376\377\000L\000o\000g\000a\000r\000i\000t\000a\000m\000\040\000p\000r\000o\000i\000z\000v\000o\000d\000a}{section.2}% 7
\BOOKMARK [2][-]{subsection.2.3}{\376\377\000L\000o\000g\000a\000r\000i\000t\000a\000m\000\040\000k\000o\000l\000i\001\015\000n\000i\000k\000a}{section.2}% 8
\BOOKMARK [2][-]{subsection.2.4}{\376\377\000L\000o\000g\000a\000r\000i\000t\000a\000m\000\040\000s\000t\000e\000p\000e\000n\000a\000\040\000b\000r\000o\000j\000a}{section.2}% 9
\BOOKMARK [2][-]{subsection.2.5}{\376\377\000P\000r\000o\000m\000e\000n\000a\000\040\000o\000s\000n\000o\000v\000e\000\040\000l\000o\000g\000a\000r\000i\000t\000m\000a}{section.2}% 10
\BOOKMARK [1][-]{section.3}{\376\377\000N\000a\000j\001\015\000e\001\141\001\007\000e\000\040\000l\000o\000g\000a\000r\000i\000t\000a\000m\000s\000k\000e\000\040\000o\000s\000n\000o\000v\000e}{}% 11
\BOOKMARK [2][-]{subsection.3.1}{\376\377\000O\000s\000n\000o\000v\000a\000\040\0001\0000}{section.3}% 12
\BOOKMARK [2][-]{subsection.3.2}{\376\377\000O\000s\000n\000o\000v\000a\000\040\0002}{section.3}% 13
\BOOKMARK [2][-]{subsection.3.3}{\376\377\000O\000s\000n\000o\000v\000a\000\040\000e}{section.3}% 14
\BOOKMARK [1][-]{section.4}{\376\377\000B\000r\000o\000j\000n\000a\000\040\000v\000r\000e\000d\000n\000o\000s\000t}{}% 15
\BOOKMARK [2][-]{subsection.4.1}{\376\377\000F\000o\000r\000m\000u\000l\000a}{section.4}% 16
\BOOKMARK [2][-]{subsection.4.2}{\376\377\000V\000e\000r\000i\001\176\000n\000i\000\040\000r\000a\000z\000l\000o\000m\000a\000k}{section.4}% 17
\BOOKMARK [2][-]{subsection.4.3}{\376\377\000L\000o\000g\000a\000r\000i\000t\000a\000m\000s\000k\000e\000\040\000t\000a\000b\000l\000i\000c\000e}{section.4}% 18
\BOOKMARK [2][-]{subsection.4.4}{\376\377\000L\000o\000g\000a\000r\000i\000t\000m\000a\000r}{section.4}% 19
\BOOKMARK [1][-]{section.5}{\376\377\000R\000a\000z\000n\000o}{}% 20
\BOOKMARK [2][-]{subsection.5.1}{\376\377\000K\000o\000m\000p\000l\000e\000k\000s\000n\000i\000\040\000l\000o\000g\000a\000r\000i\000t\000a\000m}{section.5}% 21
\BOOKMARK [2][-]{subsection.5.2}{\376\377\000I\000z\000v\000o\000d}{section.5}% 22
\BOOKMARK [2][-]{subsection.5.3}{\376\377\000L\000i\000m\000e\000s}{section.5}% 23
\BOOKMARK [2][-]{subsection.5.4}{\376\377\000T\000e\000o\000r\000e\000m\000a\000\040\000p\000r\000o\000s\000t\000i\000h\000\040\000b\000r\000o\000j\000e\000v\000a}{section.5}% 24
\BOOKMARK [1][-]{section.6}{\376\377\000Z\000a\000d\000a\000c\000i\000\040\000i\000\040\000r\000e\001\141\000e\000n\000j\000a}{}% 25
\BOOKMARK [2][-]{subsection.6.1}{\376\377\000J\000e\000d\000n\000a\001\015\000i\000n\000e}{section.6}% 26
\BOOKMARK [3][-]{subsubsection.6.1.1}{\376\377\000F\000I\000T\000-\000p\000r\000i\000j\000e\000m\000n\000i}{subsection.6.1}% 27
\BOOKMARK [3][-]{subsubsection.6.1.2}{\376\377\000J\000e\000d\000n\000a\001\015\000i\000n\000a\000\040\0002}{subsection.6.1}% 28
\BOOKMARK [3][-]{subsubsection.6.1.3}{\376\377\000J\000J\000J\000J}{subsection.6.1}% 29
\BOOKMARK [3][-]{subsubsection.6.1.4}{\376\377\001\014\000e\000t\000i\000r\000i\000\040\001\015\000e\000t\000v\000o\000r\000k\000e}{subsection.6.1}% 30
\BOOKMARK [3][-]{subsubsection.6.1.5}{\376\377\000B\000e\000s\000k\000o\000n\000a\001\015\000n\000i\000\040\000k\000o\000r\000e\000n}{subsection.6.1}% 31
\BOOKMARK [2][-]{subsection.6.2}{\376\377\000N\000e\000j\000e\000d\000n\000a\001\015\000i\000n\000e}{section.6}% 32
\BOOKMARK [2][-]{subsection.6.3}{\376\377\000O\000d\000a\000b\000r\000a\000n\000i\000\040\000p\000r\000i\000m\000e\000r\000i}{section.6}% 33
\BOOKMARK [3][-]{subsubsection.6.3.1}{\376\377\000G\000e\000o\000m\000e\000t\000r\000i\000j\000s\000k\000i\000\040\000n\000i\000z}{subsection.6.3}% 34
\BOOKMARK [3][-]{subsubsection.6.3.2}{\376\377\000P\000o\000l\000u\000r\000a\000s\000p\000a\000d\000\040\000j\000o\000d\000a}{subsection.6.3}% 35
\BOOKMARK [3][-]{subsubsection.6.3.3}{\376\377\000D\000e\000c\000i\000m\000a\000l\000n\000e\000\040\000c\000i\000f\000r\000e}{subsection.6.3}% 36
\BOOKMARK [3][-]{subsubsection.6.3.4}{\376\377\000I\000z\000v\000o\000d}{subsection.6.3}% 37
\BOOKMARK [2][-]{subsection.6.4}{\376\377\000R\000u\001\015\000n\000i\000\040\000r\000a\000d}{section.6}% 38
\BOOKMARK [3][-]{subsubsection.6.4.1}{\376\377\000A\000n\000a\000l\000o\000g\000n\000i\000\040\000k\000v\000a\000d\000r\000a\000t\000n\000i\000\040\000k\000o\000r\000e\000n}{subsection.6.4}% 39
\BOOKMARK [3][-]{subsubsection.6.4.2}{\376\377\000A\000n\000a\000l\000o\000g\000n\000i\000\040\000s\000t\000e\000p\000e\000n}{subsection.6.4}% 40
\BOOKMARK [3][-]{subsubsection.6.4.3}{\376\377\000l\000n\000\040\0003}{subsection.6.4}% 41
\BOOKMARK [1][-]{section.7}{\376\377\000R\000e\000f\000e\000r\000e\000n\000c\000e}{}% 42
\BOOKMARK [2][-]{subsection.7.1}{\376\377\000L\000i\000t\000e\000r\000a\000t\000u\000r\000a}{section.7}% 43
\BOOKMARK [2][-]{subsection.7.2}{\376\377\000L\000i\000n\000k\000o\000v\000i}{section.7}% 44
